<?xml version="1.0" encoding="UTF-8"?>
<testng-results ignored="0" total="2" passed="2" failed="0" skipped="0">
  <reporter-output>
  </reporter-output>
  <suite started-at="2024-02-06T12:04:28Z" name="inetbankig test" finished-at="2024-02-06T12:04:49Z" duration-ms="21860">
    <groups>
    </groups>
    <test started-at="2024-02-06T12:04:28Z" name="login test with chrome" finished-at="2024-02-06T12:04:49Z" duration-ms="21860">
      <class name="com.inetbanking.testcases.TC_NewCustomerCreationTest_003">
        <test-method is-config="true" signature="setup(java.lang.String)[pri:0, instance:com.inetbanking.testcases.TC_NewCustomerCreationTest_003@140c9f39]" started-at="2024-02-06T12:04:37Z" name="setup" finished-at="2024-02-06T12:04:41Z" duration-ms="4385" status="PASS">
          <params>
            <param index="0">
              <value>
                <![CDATA[chrome]]>
              </value>
            </param>
          </params>
          <reporter-output>
          </reporter-output>
        </test-method> <!-- setup -->
        <test-method signature="customerCreate()[pri:0, instance:com.inetbanking.testcases.TC_NewCustomerCreationTest_003@140c9f39]" started-at="2024-02-06T12:04:41Z" name="customerCreate" finished-at="2024-02-06T12:04:49Z" duration-ms="8207" status="PASS">
          <reporter-output>
          </reporter-output>
        </test-method> <!-- customerCreate -->
        <test-method is-config="true" signature="teardown()[pri:0, instance:com.inetbanking.testcases.TC_NewCustomerCreationTest_003@140c9f39]" started-at="2024-02-06T12:04:49Z" name="teardown" finished-at="2024-02-06T12:04:49Z" duration-ms="233" status="PASS">
          <reporter-output>
          </reporter-output>
        </test-method> <!-- teardown -->
      </class> <!-- com.inetbanking.testcases.TC_NewCustomerCreationTest_003 -->
      <class name="com.inetbanking.testcases.TC_LoginTest_001">
        <test-method is-config="true" signature="setup(java.lang.String)[pri:0, instance:com.inetbanking.testcases.TC_LoginTest_001@1f97cf0d]" started-at="2024-02-06T12:04:28Z" name="setup" finished-at="2024-02-06T12:04:33Z" duration-ms="5283" status="PASS">
          <params>
            <param index="0">
              <value>
                <![CDATA[chrome]]>
              </value>
            </param>
          </params>
          <reporter-output>
          </reporter-output>
        </test-method> <!-- setup -->
        <test-method signature="logintest()[pri:0, instance:com.inetbanking.testcases.TC_LoginTest_001@1f97cf0d]" started-at="2024-02-06T12:04:33Z" name="logintest" finished-at="2024-02-06T12:04:36Z" duration-ms="3368" status="PASS">
          <reporter-output>
          </reporter-output>
        </test-method> <!-- logintest -->
        <test-method is-config="true" signature="teardown()[pri:0, instance:com.inetbanking.testcases.TC_LoginTest_001@1f97cf0d]" started-at="2024-02-06T12:04:36Z" name="teardown" finished-at="2024-02-06T12:04:37Z" duration-ms="231" status="PASS">
          <reporter-output>
          </reporter-output>
        </test-method> <!-- teardown -->
      </class> <!-- com.inetbanking.testcases.TC_LoginTest_001 -->
    </test> <!-- login test with chrome -->
  </suite> <!-- inetbankig test -->
</testng-results>
