<?xml version="1.0" encoding="UTF-8"?>
<!-- Generated by org.testng.reporters.JUnitXMLReporter -->
<testsuite ignored="0" hostname="DESKTOP-J8PEDR7" failures="0" tests="2" name="login test with chrome" time="21.86" errors="0" timestamp="06 Feb 2024 12:04:50 GMT">
  <testcase classname="com.inetbanking.testcases.TC_LoginTest_001" name="logintest" time="3.368"/>
  <testcase classname="com.inetbanking.testcases.TC_NewCustomerCreationTest_003" name="customerCreate" time="8.207"/>
</testsuite> <!-- login test with chrome -->
